2024-03-06T22:34:53.009+09:00  INFO 17784 --- [restartedMain] org.msa.item.ItemServiceApplication      : Starting ItemServiceApplication using Java 17.0.10 with PID 17784 (C:\Users\cjfsu\eclipse-workspace\2-1Microservice\item-service\bin\main started by cjfsu in C:\Users\cjfsu\eclipse-workspace\2-1Microservice\item-service)
2024-03-06T22:34:53.011+09:00 DEBUG 17784 --- [restartedMain] org.msa.item.ItemServiceApplication      : Running with Spring Boot v3.2.3, Spring v6.1.4
2024-03-06T22:34:53.012+09:00  INFO 17784 --- [restartedMain] org.msa.item.ItemServiceApplication      : No active profile set, falling back to 1 default profile: "default"
2024-03-06T22:34:53.069+09:00  INFO 17784 --- [restartedMain] .e.DevToolsPropertyDefaultsPostProcessor : Devtools property defaults active! Set 'spring.devtools.add-properties' to 'false' to disable
2024-03-06T22:34:53.070+09:00  INFO 17784 --- [restartedMain] .e.DevToolsPropertyDefaultsPostProcessor : For additional web related logging consider setting the 'logging.level.web' property to 'DEBUG'
2024-03-06T22:34:54.031+09:00  INFO 17784 --- [restartedMain] o.s.b.w.embedded.tomcat.TomcatWebServer  : Tomcat initialized with port 8080 (http)
2024-03-06T22:34:54.048+09:00  INFO 17784 --- [restartedMain] o.apache.catalina.core.StandardService   : Starting service [Tomcat]
2024-03-06T22:34:54.048+09:00  INFO 17784 --- [restartedMain] o.apache.catalina.core.StandardEngine    : Starting Servlet engine: [Apache Tomcat/10.1.19]
2024-03-06T22:34:54.115+09:00  INFO 17784 --- [restartedMain] o.a.c.c.C.[Tomcat].[localhost].[/]       : Initializing Spring embedded WebApplicationContext
2024-03-06T22:34:54.115+09:00  INFO 17784 --- [restartedMain] w.s.c.ServletWebServerApplicationContext : Root WebApplicationContext: initialization completed in 1044 ms
2024-03-06T22:34:54.476+09:00  INFO 17784 --- [restartedMain] o.s.b.d.a.OptionalLiveReloadServer       : LiveReload server is running on port 35729
2024-03-06T22:34:54.519+09:00  INFO 17784 --- [restartedMain] o.s.b.w.embedded.tomcat.TomcatWebServer  : Tomcat started on port 8080 (http) with context path ''
2024-03-06T22:34:54.530+09:00  INFO 17784 --- [restartedMain] org.msa.item.ItemServiceApplication      : Started ItemServiceApplication in 2.015 seconds (process running for 2.903)
2024-03-06T22:34:57.392+09:00  INFO 17784 --- [http-nio-8080-exec-1] o.a.c.c.C.[Tomcat].[localhost].[/]       : Initializing Spring DispatcherServlet 'dispatcherServlet'
2024-03-06T22:34:57.392+09:00  INFO 17784 --- [http-nio-8080-exec-1] o.s.web.servlet.DispatcherServlet        : Initializing Servlet 'dispatcherServlet'
2024-03-06T22:34:57.396+09:00  INFO 17784 --- [http-nio-8080-exec-1] o.s.web.servlet.DispatcherServlet        : Completed initialization in 4 ms
2024-03-06T22:35:10.349+09:00  INFO 17784 --- [RMI TCP Connection(6)-127.0.0.1] inMXBeanRegistrar$SpringApplicationAdmin : Application shutdown requested.
2024-03-06T22:35:21.490+09:00  INFO 32336 --- [restartedMain] org.msa.item.ItemServiceApplication      : Starting ItemServiceApplication using Java 17.0.10 with PID 32336 (C:\Users\cjfsu\eclipse-workspace\2-1Microservice\item-service\bin\main started by cjfsu in C:\Users\cjfsu\eclipse-workspace\2-1Microservice\item-service)
2024-03-06T22:35:21.492+09:00 DEBUG 32336 --- [restartedMain] org.msa.item.ItemServiceApplication      : Running with Spring Boot v3.2.3, Spring v6.1.4
2024-03-06T22:35:21.493+09:00  INFO 32336 --- [restartedMain] org.msa.item.ItemServiceApplication      : No active profile set, falling back to 1 default profile: "default"
2024-03-06T22:35:21.550+09:00  INFO 32336 --- [restartedMain] .e.DevToolsPropertyDefaultsPostProcessor : Devtools property defaults active! Set 'spring.devtools.add-properties' to 'false' to disable
2024-03-06T22:35:21.551+09:00  INFO 32336 --- [restartedMain] .e.DevToolsPropertyDefaultsPostProcessor : For additional web related logging consider setting the 'logging.level.web' property to 'DEBUG'
2024-03-06T22:35:22.466+09:00  INFO 32336 --- [restartedMain] o.s.b.w.embedded.tomcat.TomcatWebServer  : Tomcat initialized with port 8080 (http)
2024-03-06T22:35:22.479+09:00  INFO 32336 --- [restartedMain] o.apache.catalina.core.StandardService   : Starting service [Tomcat]
2024-03-06T22:35:22.479+09:00  INFO 32336 --- [restartedMain] o.apache.catalina.core.StandardEngine    : Starting Servlet engine: [Apache Tomcat/10.1.19]
2024-03-06T22:35:22.549+09:00  INFO 32336 --- [restartedMain] o.a.c.c.C.[Tomcat].[localhost].[/]       : Initializing Spring embedded WebApplicationContext
2024-03-06T22:35:22.549+09:00  INFO 32336 --- [restartedMain] w.s.c.ServletWebServerApplicationContext : Root WebApplicationContext: initialization completed in 998 ms
2024-03-06T22:35:22.888+09:00  INFO 32336 --- [restartedMain] o.s.b.d.a.OptionalLiveReloadServer       : LiveReload server is running on port 35729
2024-03-06T22:35:22.927+09:00  INFO 32336 --- [restartedMain] o.s.b.w.embedded.tomcat.TomcatWebServer  : Tomcat started on port 8080 (http) with context path ''
2024-03-06T22:35:22.937+09:00  INFO 32336 --- [restartedMain] org.msa.item.ItemServiceApplication      : Started ItemServiceApplication in 1.943 seconds (process running for 2.933)
2024-03-06T22:35:25.028+09:00  INFO 32336 --- [http-nio-8080-exec-1] o.a.c.c.C.[Tomcat].[localhost].[/]       : Initializing Spring DispatcherServlet 'dispatcherServlet'
2024-03-06T22:35:25.028+09:00  INFO 32336 --- [http-nio-8080-exec-1] o.s.web.servlet.DispatcherServlet        : Initializing Servlet 'dispatcherServlet'
2024-03-06T22:35:25.030+09:00  INFO 32336 --- [http-nio-8080-exec-1] o.s.web.servlet.DispatcherServlet        : Completed initialization in 2 ms
2024-03-06T22:38:15.699+09:00  INFO 32336 --- [File Watcher] rtingClassPathChangeChangedEventListener : Restarting due to 1 class path change (0 additions, 0 deletions, 1 modification)
2024-03-06T22:38:15.836+09:00  INFO 32336 --- [restartedMain] org.msa.item.ItemServiceApplication      : Starting ItemServiceApplication using Java 17.0.10 with PID 32336 (C:\Users\cjfsu\eclipse-workspace\2-1Microservice\item-service\bin\main started by cjfsu in C:\Users\cjfsu\eclipse-workspace\2-1Microservice\item-service)
2024-03-06T22:38:15.837+09:00 DEBUG 32336 --- [restartedMain] org.msa.item.ItemServiceApplication      : Running with Spring Boot v3.2.3, Spring v6.1.4
2024-03-06T22:38:15.838+09:00  INFO 32336 --- [restartedMain] org.msa.item.ItemServiceApplication      : No active profile set, falling back to 1 default profile: "default"
2024-03-06T22:38:16.077+09:00  INFO 32336 --- [restartedMain] o.s.b.w.embedded.tomcat.TomcatWebServer  : Tomcat initialized with port 8080 (http)
2024-03-06T22:38:16.078+09:00  INFO 32336 --- [restartedMain] o.apache.catalina.core.StandardService   : Starting service [Tomcat]
2024-03-06T22:38:16.079+09:00  INFO 32336 --- [restartedMain] o.apache.catalina.core.StandardEngine    : Starting Servlet engine: [Apache Tomcat/10.1.19]
2024-03-06T22:38:16.102+09:00  INFO 32336 --- [restartedMain] o.a.c.c.C.[Tomcat].[localhost].[/]       : Initializing Spring embedded WebApplicationContext
2024-03-06T22:38:16.102+09:00  INFO 32336 --- [restartedMain] w.s.c.ServletWebServerApplicationContext : Root WebApplicationContext: initialization completed in 259 ms
2024-03-06T22:38:16.193+09:00  INFO 32336 --- [restartedMain] o.s.b.d.a.OptionalLiveReloadServer       : LiveReload server is running on port 35729
2024-03-06T22:38:16.203+09:00  INFO 32336 --- [restartedMain] o.s.b.w.embedded.tomcat.TomcatWebServer  : Tomcat started on port 8080 (http) with context path ''
2024-03-06T22:38:16.209+09:00  INFO 32336 --- [restartedMain] org.msa.item.ItemServiceApplication      : Started ItemServiceApplication in 0.414 seconds (process running for 176.206)
2024-03-06T22:38:16.212+09:00  INFO 32336 --- [restartedMain] .ConditionEvaluationDeltaLoggingListener : Condition evaluation unchanged
2024-03-06T22:38:17.149+09:00  INFO 32336 --- [RMI TCP Connection(11)-127.0.0.1] inMXBeanRegistrar$SpringApplicationAdmin : Application shutdown requested.
